<?xml version="1.0" encoding="UTF-8"?>
<!-- Generated by org.testng.reporters.JUnitXMLReporter -->
<testsuite ignored="0" hostname="ngawangs10" failures="0" tests="5" name="Default test" time="42.355" errors="0" timestamp="2022-12-25T15:29:58 GMT-05:00">
  <testcase classname="testPages.HomePageTest" name="clickAndInputUserIdTest" time="3.289"/>
  <testcase classname="testPages.HomePageTest" name="clickFindYourClosestAtmPTest" time="7.469"/>
  <testcase classname="testPages.HomePageTest" name="clickFindYourClosestAtmTest" time="6.868"/>
  <testcase classname="testPages.HomePageTest" name="clickloginButtonTest" time="4.189"/>
  <testcase classname="testPages.HomePageTest" name="inputPassworkTest" time="4.02"/>
</testsuite> <!-- Default test -->
