<?xml version="1.0" encoding="UTF-8"?>
<testng-results ignored="0" total="5" passed="5" failed="0" skipped="0">
  <reporter-output>
  </reporter-output>
  <suite started-at="2022-12-25T15:29:16 GMT-05:00" name="Default suite" finished-at="2022-12-25T15:29:58 GMT-05:00" duration-ms="42355">
    <groups>
    </groups>
    <test started-at="2022-12-25T15:29:16 GMT-05:00" name="Default test" finished-at="2022-12-25T15:29:58 GMT-05:00" duration-ms="42355">
      <class name="testPages.HomePageTest">
        <test-method is-config="true" signature="setUp()[pri:0, instance:testPages.HomePageTest@49049a04]" started-at="2022-12-25T15:29:16 GMT-05:00" name="setUp" finished-at="2022-12-25T15:29:20 GMT-05:00" duration-ms="4053" status="PASS">
          <reporter-output>
          </reporter-output>
        </test-method> <!-- setUp -->
        <test-method signature="clickAndInputUserIdTest()[pri:0, instance:testPages.HomePageTest@49049a04]" started-at="2022-12-25T15:29:20 GMT-05:00" name="clickAndInputUserIdTest" finished-at="2022-12-25T15:29:23 GMT-05:00" duration-ms="3289" status="PASS">
          <reporter-output>
          </reporter-output>
        </test-method> <!-- clickAndInputUserIdTest -->
        <test-method is-config="true" signature="tearUp()[pri:0, instance:testPages.HomePageTest@49049a04]" started-at="2022-12-25T15:29:23 GMT-05:00" name="tearUp" finished-at="2022-12-25T15:29:23 GMT-05:00" duration-ms="135" status="PASS">
          <reporter-output>
          </reporter-output>
        </test-method> <!-- tearUp -->
        <test-method is-config="true" signature="setUp()[pri:0, instance:testPages.HomePageTest@49049a04]" started-at="2022-12-25T15:29:23 GMT-05:00" name="setUp" finished-at="2022-12-25T15:29:26 GMT-05:00" duration-ms="2597" status="PASS">
          <reporter-output>
          </reporter-output>
        </test-method> <!-- setUp -->
        <test-method signature="clickFindYourClosestAtmPTest()[pri:0, instance:testPages.HomePageTest@49049a04]" started-at="2022-12-25T15:29:26 GMT-05:00" name="clickFindYourClosestAtmPTest" finished-at="2022-12-25T15:29:33 GMT-05:00" duration-ms="7469" status="PASS">
          <reporter-output>
          </reporter-output>
        </test-method> <!-- clickFindYourClosestAtmPTest -->
        <test-method is-config="true" signature="tearUp()[pri:0, instance:testPages.HomePageTest@49049a04]" started-at="2022-12-25T15:29:33 GMT-05:00" name="tearUp" finished-at="2022-12-25T15:29:33 GMT-05:00" duration-ms="184" status="PASS">
          <reporter-output>
          </reporter-output>
        </test-method> <!-- tearUp -->
        <test-method is-config="true" signature="setUp()[pri:0, instance:testPages.HomePageTest@49049a04]" started-at="2022-12-25T15:29:33 GMT-05:00" name="setUp" finished-at="2022-12-25T15:29:38 GMT-05:00" duration-ms="4184" status="PASS">
          <reporter-output>
          </reporter-output>
        </test-method> <!-- setUp -->
        <test-method signature="clickFindYourClosestAtmTest()[pri:0, instance:testPages.HomePageTest@49049a04]" started-at="2022-12-25T15:29:38 GMT-05:00" name="clickFindYourClosestAtmTest" finished-at="2022-12-25T15:29:45 GMT-05:00" duration-ms="6868" status="PASS">
          <reporter-output>
          </reporter-output>
        </test-method> <!-- clickFindYourClosestAtmTest -->
        <test-method is-config="true" signature="tearUp()[pri:0, instance:testPages.HomePageTest@49049a04]" started-at="2022-12-25T15:29:45 GMT-05:00" name="tearUp" finished-at="2022-12-25T15:29:45 GMT-05:00" duration-ms="192" status="PASS">
          <reporter-output>
          </reporter-output>
        </test-method> <!-- tearUp -->
        <test-method is-config="true" signature="setUp()[pri:0, instance:testPages.HomePageTest@49049a04]" started-at="2022-12-25T15:29:45 GMT-05:00" name="setUp" finished-at="2022-12-25T15:29:47 GMT-05:00" duration-ms="2343" status="PASS">
          <reporter-output>
          </reporter-output>
        </test-method> <!-- setUp -->
        <test-method signature="clickloginButtonTest()[pri:0, instance:testPages.HomePageTest@49049a04]" started-at="2022-12-25T15:29:47 GMT-05:00" name="clickloginButtonTest" finished-at="2022-12-25T15:29:51 GMT-05:00" duration-ms="4189" status="PASS">
          <reporter-output>
          </reporter-output>
        </test-method> <!-- clickloginButtonTest -->
        <test-method is-config="true" signature="tearUp()[pri:0, instance:testPages.HomePageTest@49049a04]" started-at="2022-12-25T15:29:51 GMT-05:00" name="tearUp" finished-at="2022-12-25T15:29:51 GMT-05:00" duration-ms="169" status="PASS">
          <reporter-output>
          </reporter-output>
        </test-method> <!-- tearUp -->
        <test-method is-config="true" signature="setUp()[pri:0, instance:testPages.HomePageTest@49049a04]" started-at="2022-12-25T15:29:51 GMT-05:00" name="setUp" finished-at="2022-12-25T15:29:54 GMT-05:00" duration-ms="2416" status="PASS">
          <reporter-output>
          </reporter-output>
        </test-method> <!-- setUp -->
        <test-method signature="inputPassworkTest()[pri:0, instance:testPages.HomePageTest@49049a04]" started-at="2022-12-25T15:29:54 GMT-05:00" name="inputPassworkTest" finished-at="2022-12-25T15:29:58 GMT-05:00" duration-ms="4020" status="PASS">
          <reporter-output>
          </reporter-output>
        </test-method> <!-- inputPassworkTest -->
        <test-method is-config="true" signature="tearUp()[pri:0, instance:testPages.HomePageTest@49049a04]" started-at="2022-12-25T15:29:58 GMT-05:00" name="tearUp" finished-at="2022-12-25T15:29:58 GMT-05:00" duration-ms="184" status="PASS">
          <reporter-output>
          </reporter-output>
        </test-method> <!-- tearUp -->
      </class> <!-- testPages.HomePageTest -->
    </test> <!-- Default test -->
  </suite> <!-- Default suite -->
</testng-results>
